<?xml version="1.0" encoding="UTF-8"?>
<!-- Generated by org.testng.reporters.JUnitReportReporter -->
<testsuite ignored="0" hostname="DESKTOP-3T4BVL7" failures="0" tests="2" name="Run_test.Search_Test" time="40.453" errors="0" timestamp="04 Oct 2020 13:10:22 GMT" skipped="0">
  <testcase classname="Run_test.Search_Test" name="feature" time="11.003"/>
  <testcase classname="Run_test.Search_Test" name="feature" time="29.450"/>
</testsuite> <!-- Run_test.Search_Test -->
