<?xml version="1.0" encoding="UTF-8"?>
<!-- Generated by org.testng.reporters.JUnitReportReporter -->
<testsuite ignored="0" hostname="DESKTOP-3T4BVL7" failures="0" tests="2" name="Run_test.My_store_Test" time="24.128" errors="0" timestamp="04 Oct 2020 13:10:22 GMT" skipped="0">
  <testcase classname="Run_test.My_store_Test" name="feature" time="12.982"/>
  <testcase classname="Run_test.My_store_Test" name="feature" time="11.146"/>
</testsuite> <!-- Run_test.My_store_Test -->
