<?xml version="1.0" encoding="UTF-8"?>
<!-- Generated by org.testng.reporters.JUnitReportReporter -->
<testsuite ignored="0" hostname="DESKTOP-3T4BVL7" failures="0" tests="1" name="Run_test.AppTest" time="0.059" errors="0" timestamp="04 Oct 2020 13:10:23 GMT" skipped="0">
  <testcase classname="Run_test.AppTest" name="testApp" time="0.059"/>
</testsuite> <!-- Run_test.AppTest -->
