<?xml version="1.0" encoding="UTF-8"?>
<!-- Generated by org.testng.reporters.JUnitReportReporter -->
<testsuite hostname="DESKTOP-3T4BVL7" failures="0" tests="2" name="Run_test.Search_Test" time="41.608" errors="0" timestamp="2020-10-04T18:35:10 IST" skipped="0">
  <testcase classname="Run_test.Search_Test" name="feature" time="11.172"/>
  <system-out/>
  <testcase classname="Run_test.Search_Test" name="feature" time="30.436"/>
  <system-out/>
</testsuite> <!-- Run_test.Search_Test -->
