<?xml version="1.0" encoding="UTF-8"?>
<!-- Generated by org.testng.reporters.JUnitReportReporter -->
<testsuite hostname="DESKTOP-3T4BVL7" failures="0" tests="1" name="Run_test.My_store_Test" time="34.235" errors="0" timestamp="2020-09-22T18:55:09 IST" skipped="0">
  <testcase classname="Run_test.My_store_Test" name="feature" time="34.235"/>
  <system-out/>
</testsuite> <!-- Run_test.My_store_Test -->
